Warning: connect.session() MemoryStore is not
designed for a production environment, as it will leak
memory, and will not scale past a single process.

Server started

------------------------------------------------
Access URLs:
Localhost: http://localhost:4000
      LAN: http://192.168.1.4:4000
------------------------------------------------

Press CTRL-C or CMD-. to stop


------------------------------------------------
KeystoneJS Started:
Mama We Made It is ready on http://localhost:4000
------------------------------------------------

GET /__webpack_hmr 200 8.327 ms
Warning: connect.session() MemoryStore is not
designed for a production environment, as it will leak
memory, and will not scale past a single process.

Server started

------------------------------------------------
Access URLs:
Localhost: http://localhost:4000
      LAN: http://192.168.1.4:4000
------------------------------------------------

Press CTRL-C or CMD-. to stop


------------------------------------------------
KeystoneJS Started:
Mama We Made It is ready on http://localhost:4000
------------------------------------------------

GET /__webpack_hmr 200 6.882 ms
GET / 200 1.371 ms
GET /main.17609460da6c93fedbe021e3f6de582e.css 200 5.731 ms
GET /common.js.2d527568cdd375b33659.js 200 7.127 ms
GET /main.0b3c7b0c3a56152d0a7c.js 200 6.362 ms
GET /api/locals 200 9.704 ms
GET /3d6ee1a83840b9fb6404cd7d6d051115.png 200 0.861 ms
GET /favicon.ico 200 0.818 ms
GET /admin/ 302 5.040 ms
GET /admin/signin 200 3.648 ms
GET /favicon.ico 304 0.796 ms
POST /admin/api/session/signin 200 197.289 ms
GET /admin/ 200 13.676 ms
GET /admin/api/counts 304 3.698 ms
GET /favicon.ico 304 2.879 ms
GET /admin/api/episodes?select=title%2Cimage%2Curl%2Cstate&limit=100&sort=-publishedAt&expandRelationshipFields=true 200 8.329 ms
GET /favicon.ico 304 0.731 ms
GET /favicon.ico 304 1.223 ms
GET /admin/api/episodes?select=title%2Cimage%2Curl%2Cstate&limit=100&sort=-publishedAt&expandRelationshipFields=true 304 6.457 ms
POST /admin/api/legacy/episodes/create 200 40.207 ms
GET /favicon.ico 304 2.672 ms
GET /admin/api/episodes/57955bffb9d2f63787a0e7be?drilldown=true 200 2.996 ms
(node:34615) DeprecationWarning: Mongoose: mpromise (mongoose's default promise library) is deprecated, plug in your own promise library instead: http://mongoosejs.com/docs/promises.html
POST /admin/api/episodes/57955bffb9d2f63787a0e7be/delete 200 5.621 ms
GET /admin/api/episodes?select=title%2Cimage%2Curl%2Cstate&limit=100&sort=-publishedAt&expandRelationshipFields=true 304 6.025 ms
GET /favicon.ico 304 0.533 ms
GET /admin/episodes 200 3.259 ms
GET /admin/api/episodes?select=title%2Cimage%2Curl%2Cstate&limit=100&sort=-publishedAt&expandRelationshipFields=true 304 5.212 ms
GET /admin/api/episodes?select=title%2Cimage%2Curl%2Cstate&limit=100&sort=-publishedAt&expandRelationshipFields=true 304 3.652 ms
GET /favicon.ico 200 0.658 ms
GET /admin/api/episodes/57954db8b2700ef623c637f7?drilldown=true 200 4.159 ms
GET /favicon.ico 304 0.616 ms
POST /admin/api/legacy/episodes/57954db8b2700ef623c637f7 200 1616.796 ms
GET /favicon.ico 304 2.880 ms
GET /admin/api/counts 304 3.164 ms
GET /admin/ 200 6.155 ms
GET /admin/api/counts 304 4.463 ms
GET /favicon.ico 304 0.689 ms
GET /admin/api/episodes?select=title%2Cimage%2Curl%2Cstate&limit=100&sort=-publishedAt&expandRelationshipFields=true 200 7.978 ms
GET /favicon.ico 304 0.711 ms
GET /admin/api/episodes?select=title%2Cimage%2Curl%2Cstate&limit=100&sort=-publishedAt&expandRelationshipFields=true 304 6.868 ms
GET /favicon.ico 304 0.484 ms
GET /admin/episodes/57954db8b2700ef623c637f7 200 3.090 ms
GET /admin/api/episodes/57954db8b2700ef623c637f7?drilldown=true 200 3.362 ms
GET /favicon.ico 200 1.072 ms
GET /admin/api/counts 304 1.971 ms
GET /favicon.ico 304 1.325 ms
GET / 304 0.272 ms
GET /main.17609460da6c93fedbe021e3f6de582e.css 304 2.438 ms
GET /main.0b3c7b0c3a56152d0a7c.js 304 1.725 ms
GET /common.js.2d527568cdd375b33659.js 304 1.114 ms
GET /api/locals 304 4.185 ms
GET /3d6ee1a83840b9fb6404cd7d6d051115.png 304 0.892 ms
GET /favicon.ico 304 1.014 ms
GET / 304 0.310 ms
GET /main.17609460da6c93fedbe021e3f6de582e.css 304 0.505 ms
GET /common.js.2d527568cdd375b33659.js 304 0.628 ms
GET /main.0b3c7b0c3a56152d0a7c.js 304 0.646 ms
GET /api/locals 304 2.752 ms
GET /3d6ee1a83840b9fb6404cd7d6d051115.png 304 0.282 ms
GET /favicon.ico 200 0.780 ms
GET /admin/api/episodes/57954db8b2700ef623c637f7?drilldown=true 304 4.211 ms
GET /favicon.ico 304 0.561 ms
POST /admin/api/legacy/episodes/57954db8b2700ef623c637f7 200 2551.222 ms
GET /admin/api/counts 304 2.069 ms
GET /favicon.ico 304 1.592 ms
GET /admin/api/episodes?select=title%2Cimage%2Curl%2Cstate&limit=100&sort=-publishedAt&expandRelationshipFields=true 200 6.815 ms
GET /favicon.ico 304 0.459 ms
GET /admin/api/episodes/5795479a88550f777d5c6ca2?drilldown=true 200 6.043 ms
GET /favicon.ico 304 1.456 ms
POST /admin/api/legacy/episodes/5795479a88550f777d5c6ca2 200 10.630 ms
GET /admin/api/episodes?select=title%2Cimage%2Curl%2Cstate&limit=100&sort=-publishedAt&expandRelationshipFields=true 200 4.252 ms
GET /favicon.ico 304 1.882 ms
GET /admin/api/episodes/5795479a88550f777d5c6ca2?drilldown=true 200 2.592 ms
GET /favicon.ico 304 1.022 ms
GET /admin/api/episodes?select=title%2Cimage%2Curl%2Cstate&limit=100&sort=-publishedAt&expandRelationshipFields=true 304 4.105 ms
GET /favicon.ico 304 1.103 ms
GET /admin/api/episodes/5795479f88550f777d5c6ca6?drilldown=true 200 4.005 ms
GET /favicon.ico 304 2.937 ms
POST /admin/api/legacy/episodes/5795479f88550f777d5c6ca6 200 9.275 ms
GET /admin/api/episodes?select=title%2Cimage%2Curl%2Cstate&limit=100&sort=-publishedAt&expandRelationshipFields=true 200 4.861 ms
GET /favicon.ico 304 0.591 ms
GET /admin/api/episodes/5795479f88550f777d5c6ca6?drilldown=true 200 2.251 ms
GET /favicon.ico 304 0.554 ms
POST /admin/api/legacy/episodes/create 200 5.776 ms
GET /admin/api/episodes/57955d2ab9d2f63787a0e7bf?drilldown=true 200 2.039 ms
GET /favicon.ico 304 0.394 ms
POST /admin/api/legacy/episodes/57955d2ab9d2f63787a0e7bf 200 9.392 ms
GET /admin/api/episodes?select=title%2Cimage%2Curl%2Cstate&limit=100&sort=-publishedAt&expandRelationshipFields=true 200 6.196 ms
GET /favicon.ico 304 0.540 ms
GET /admin/episodes 200 4.923 ms
GET /admin/api/episodes?select=title%2Cimage%2Curl%2Cstate&limit=100&sort=-publishedAt&expandRelationshipFields=true 304 6.599 ms
GET /admin/api/episodes?select=title%2Cimage%2Curl%2Cstate&limit=100&sort=-publishedAt&expandRelationshipFields=true 304 3.740 ms
GET /favicon.ico 200 1.011 ms
GET /admin/api/episodes/57955d2ab9d2f63787a0e7bf?drilldown=true 200 2.213 ms
GET /favicon.ico 304 0.351 ms
POST /admin/api/legacy/episodes/57955d2ab9d2f63787a0e7bf 200 6196.127 ms
GET /admin/api/counts 200 2.090 ms
GET /favicon.ico 304 0.603 ms
GET /admin/api/episodes?select=title%2Cimage%2Curl%2Cstate&limit=100&sort=-publishedAt&expandRelationshipFields=true 200 4.716 ms
GET /favicon.ico 304 0.560 ms
GET /admin/api/episodes/57954db8b2700ef623c637f7?drilldown=true 200 3.121 ms
GET /favicon.ico 304 0.528 ms
POST /admin/api/legacy/episodes/57954db8b2700ef623c637f7 200 8.630 ms
GET /admin/api/counts 304 1.611 ms
GET /favicon.ico 304 0.646 ms
GET /admin/api/episodes?select=title%2Cimage%2Curl%2Cstate&limit=100&sort=-publishedAt&expandRelationshipFields=true 200 4.243 ms
GET /favicon.ico 304 0.547 ms
GET /admin/api/episodes/57954db8b2700ef623c637f7?drilldown=true 200 2.155 ms
GET /favicon.ico 304 0.480 ms
POST /admin/api/legacy/episodes/57954db8b2700ef623c637f7 200 6.189 ms
GET /admin/api/counts 304 1.541 ms
GET /favicon.ico 304 0.534 ms
GET / 304 0.247 ms
GET /main.17609460da6c93fedbe021e3f6de582e.css 304 0.897 ms
GET /main.0b3c7b0c3a56152d0a7c.js 304 0.443 ms
GET /common.js.2d527568cdd375b33659.js 304 0.673 ms
GET /api/locals 200 3.095 ms
GET /3d6ee1a83840b9fb6404cd7d6d051115.png 304 0.335 ms
GET /favicon.ico 200 2.180 ms
GET /admin/api/episodes?select=title%2Cimage%2Curl%2Cstate&limit=100&sort=-publishedAt&expandRelationshipFields=true 200 5.662 ms
GET /favicon.ico 304 0.437 ms
Error saving changes to Episode 57955da7b9d2f63787a0e7c0:
{ MongoError: E11000 duplicate key error index: mwmi.episodes.$slug_1 dup key: { : null }
    at Function.MongoError.create (/Users/ev/src/dev/mwmi/node_modules/mongodb-core/lib/error.js:31:11)
    at toError (/Users/ev/src/dev/mwmi/node_modules/mongodb/lib/utils.js:114:22)
    at /Users/ev/src/dev/mwmi/node_modules/mongodb/lib/collection.js:620:23
    at handleCallback (/Users/ev/src/dev/mwmi/node_modules/mongodb/lib/utils.js:96:12)
    at /Users/ev/src/dev/mwmi/node_modules/mongodb/lib/bulk/unordered.js:473:9
    at handleCallback (/Users/ev/src/dev/mwmi/node_modules/mongodb/lib/utils.js:96:12)
    at resultHandler (/Users/ev/src/dev/mwmi/node_modules/mongodb/lib/bulk/unordered.js:420:5)
    at commandCallback (/Users/ev/src/dev/mwmi/node_modules/mongodb-core/lib/topologies/server.js:1194:9)
    at Callbacks.emit (/Users/ev/src/dev/mwmi/node_modules/mongodb-core/lib/topologies/server.js:119:3)
    at .messageHandler (/Users/ev/src/dev/mwmi/node_modules/mongodb-core/lib/topologies/server.js:358:23)
    at Socket.<anonymous> (/Users/ev/src/dev/mwmi/node_modules/mongodb-core/lib/connection/connection.js:292:22)
    at emitOne (events.js:96:13)
    at Socket.emit (events.js:188:7)
    at readableAddChunk (_stream_readable.js:177:18)
    at Socket.Readable.push (_stream_readable.js:135:10)
    at TCP.onread (net.js:542:20)
  name: 'MongoError',
  message: 'E11000 duplicate key error index: mwmi.episodes.$slug_1 dup key: { : null }',
  driver: true,
  code: 11000,
  index: 0,
  errmsg: 'E11000 duplicate key error index: mwmi.episodes.$slug_1 dup key: { : null }',
  getOperation: [Function],
  toJSON: [Function],
  toString: [Function] }
POST /admin/api/legacy/episodes/create 500 17.081 ms
Error saving changes to Episode 57955eeab9d2f63787a0e7c1:
{ MongoError: E11000 duplicate key error index: mwmi.episodes.$slug_1 dup key: { : null }
    at Function.MongoError.create (/Users/ev/src/dev/mwmi/node_modules/mongodb-core/lib/error.js:31:11)
    at toError (/Users/ev/src/dev/mwmi/node_modules/mongodb/lib/utils.js:114:22)
    at /Users/ev/src/dev/mwmi/node_modules/mongodb/lib/collection.js:620:23
    at handleCallback (/Users/ev/src/dev/mwmi/node_modules/mongodb/lib/utils.js:96:12)
    at /Users/ev/src/dev/mwmi/node_modules/mongodb/lib/bulk/unordered.js:473:9
    at handleCallback (/Users/ev/src/dev/mwmi/node_modules/mongodb/lib/utils.js:96:12)
    at resultHandler (/Users/ev/src/dev/mwmi/node_modules/mongodb/lib/bulk/unordered.js:420:5)
    at commandCallback (/Users/ev/src/dev/mwmi/node_modules/mongodb-core/lib/topologies/server.js:1194:9)
    at Callbacks.emit (/Users/ev/src/dev/mwmi/node_modules/mongodb-core/lib/topologies/server.js:119:3)
    at .messageHandler (/Users/ev/src/dev/mwmi/node_modules/mongodb-core/lib/topologies/server.js:358:23)
    at Socket.<anonymous> (/Users/ev/src/dev/mwmi/node_modules/mongodb-core/lib/connection/connection.js:292:22)
    at emitOne (events.js:96:13)
    at Socket.emit (events.js:188:7)
    at readableAddChunk (_stream_readable.js:177:18)
    at Socket.Readable.push (_stream_readable.js:135:10)
    at TCP.onread (net.js:542:20)
  name: 'MongoError',
  message: 'E11000 duplicate key error index: mwmi.episodes.$slug_1 dup key: { : null }',
  driver: true,
  code: 11000,
  index: 0,
  errmsg: 'E11000 duplicate key error index: mwmi.episodes.$slug_1 dup key: { : null }',
  getOperation: [Function],
  toJSON: [Function],
  toString: [Function] }
POST /admin/api/legacy/episodes/create 500 4.711 ms
Warning: connect.session() MemoryStore is not
designed for a production environment, as it will leak
memory, and will not scale past a single process.

Server started

------------------------------------------------
Access URLs:
Localhost: http://localhost:4000
      LAN: http://192.168.1.4:4000
------------------------------------------------

Press CTRL-C or CMD-. to stop


------------------------------------------------
KeystoneJS Started:
Mama We Made It is ready on http://localhost:4000
------------------------------------------------

GET /admin/episodes 302 6.003 ms
GET /admin/signin?from=/admin/episodes 200 5.338 ms
GET /admin/episodes 302 0.716 ms
GET /admin/signin?from=/admin/episodes 200 1.682 ms
GET /favicon.ico 200 4.798 ms
POST /admin/api/session/signin 200 197.615 ms
GET /admin/episodes 200 15.042 ms
GET /admin/api/episodes?select=title%2Cimage%2Curl%2Cstate&limit=100&sort=-publishedAt&expandRelationshipFields=true 200 10.166 ms
GET /admin/api/episodes?select=title%2Cimage%2Curl%2Cstate&limit=100&sort=-publishedAt&expandRelationshipFields=true 304 7.417 ms
GET /favicon.ico 304 1.431 ms
GET /__webpack_hmr 200 1.178 ms
POST /admin/api/legacy/episodes/create 200 39.540 ms
GET /admin/api/episodes/579567e4f3f1e5f0d5d40499?drilldown=true 200 3.570 ms
GET /favicon.ico 304 0.485 ms
GET /__webpack_hmr 200 1.942 ms
POST /admin/api/legacy/episodes/579567e4f3f1e5f0d5d40499 200 16.453 ms
GET / 200 0.607 ms
GET /main.17609460da6c93fedbe021e3f6de582e.css 200 2.291 ms
GET /common.js.2d527568cdd375b33659.js 200 2.729 ms
GET /main.0b3c7b0c3a56152d0a7c.js 200 2.169 ms
GET /api/locals 200 5.025 ms
GET /3d6ee1a83840b9fb6404cd7d6d051115.png 200 2.775 ms
GET /favicon.ico 200 2.137 ms
GET / 200 0.574 ms
GET /main.17609460da6c93fedbe021e3f6de582e.css 200 2.131 ms
GET /common.js.2d527568cdd375b33659.js 200 2.071 ms
GET /main.0b3c7b0c3a56152d0a7c.js 200 1.851 ms
GET /api/locals 200 5.289 ms
GET /3d6ee1a83840b9fb6404cd7d6d051115.png 304 0.316 ms
GET /favicon.ico 200 1.822 ms
GET /favicon.ico 304 4.932 ms
GET /admin/api/episodes?select=title%2Cimage%2Curl%2Cstate&limit=100&sort=-publishedAt&expandRelationshipFields=true 200 6.997 ms
GET /admin/api/episodes/579566f06219271fcc60a878?drilldown=true 304 3.841 ms
GET /favicon.ico 304 0.469 ms
POST /admin/api/legacy/episodes/579566f06219271fcc60a878 200 2504.249 ms
GET /admin/api/episodes?select=title%2Cimage%2Curl%2Cstate&limit=100&sort=-publishedAt&expandRelationshipFields=true 200 8.434 ms
GET /favicon.ico 304 0.844 ms
GET /favicon.ico 304 1.954 ms
GET /admin/api/episodes/579567356219271fcc60a879?drilldown=true 200 2.510 ms
POST /admin/api/legacy/episodes/579567356219271fcc60a879 200 2184.135 ms
GET /admin/api/episodes?select=title%2Cimage%2Curl%2Cstate&limit=100&sort=-publishedAt&expandRelationshipFields=true 200 8.855 ms
GET /favicon.ico 304 0.705 ms
GET /favicon.ico 304 2.272 ms
GET /admin/api/episodes/579567753f0cc2f7d25dd38d?drilldown=true 200 3.245 ms
GET / 304 0.601 ms
GET /main.17609460da6c93fedbe021e3f6de582e.css 304 1.994 ms
GET /main.0b3c7b0c3a56152d0a7c.js 304 0.817 ms
GET /common.js.2d527568cdd375b33659.js 304 1.183 ms
POST /admin/api/legacy/episodes/579567753f0cc2f7d25dd38d 200 2908.626 ms
GET /api/locals 200 4.099 ms
GET /3d6ee1a83840b9fb6404cd7d6d051115.png 304 0.445 ms
GET /favicon.ico 200 1.073 ms
Warning: connect.session() MemoryStore is not
designed for a production environment, as it will leak
memory, and will not scale past a single process.

Server started

------------------------------------------------
Access URLs:
Localhost: http://localhost:4000
      LAN: http://192.168.1.4:4000
------------------------------------------------

Press CTRL-C or CMD-. to stop


------------------------------------------------
KeystoneJS Started:
Mama We Made It is ready on http://localhost:4000
------------------------------------------------

GET /admin/api/counts 302 5.470 ms
GET /favicon.ico 200 12.088 ms
GET /admin/signin?from=/admin/api/counts 200 4.857 ms
GET /admin/api/counts 302 0.686 ms
GET /admin/signin?from=/admin/api/counts 200 0.946 ms
GET /admin/api/counts 302 0.514 ms
GET /admin/signin?from=/admin/api/counts 200 0.637 ms
GET /admin/api/counts 302 0.662 ms
GET /admin/signin?from=/admin/api/counts 200 0.593 ms
GET /admin/api/counts 302 0.804 ms
GET /admin/signin?from=/admin/api/counts 200 0.602 ms
GET /admin/ 302 0.821 ms
GET /admin/signin 200 0.370 ms
GET /favicon.ico 304 1.368 ms
POST /admin/api/session/signin 200 196.944 ms
GET /admin/ 200 13.362 ms
GET /admin/api/counts 200 3.737 ms
GET /favicon.ico 304 0.582 ms
GET /favicon.ico 304 5.685 ms
GET /admin/api/episodes?select=title%2Cimage%2Curl%2Cstate&limit=100&sort=-publishedAt&expandRelationshipFields=true 200 10.316 ms
GET /favicon.ico 304 1.645 ms
GET /admin/api/episodes?select=title%2Cimage%2Curl%2Cstate&limit=100&sort=-publishedAt&expandRelationshipFields=true 304 7.559 ms
POST /admin/api/legacy/episodes/create 200 40.088 ms
GET /admin/api/episodes/57956a2baf1ed70dde88d062?drilldown=true 200 3.936 ms
GET /favicon.ico 304 0.547 ms
POST /admin/api/legacy/episodes/57956a2baf1ed70dde88d062 200 18.340 ms
GET /admin/api/episodes?select=title%2Cimage%2Curl%2Cstate&limit=100&sort=-publishedAt&expandRelationshipFields=true 200 6.982 ms
GET /favicon.ico 304 0.469 ms
GET /admin/api/episodes/579567e4f3f1e5f0d5d40499?drilldown=true 200 3.910 ms
GET /favicon.ico 304 0.544 ms
GET /admin/api/counts 200 1.564 ms
GET /favicon.ico 304 0.940 ms
GET /admin/api/episodes?select=title%2Cimage%2Curl%2Cstate&limit=100&sort=-publishedAt&expandRelationshipFields=true 304 8.091 ms
GET /favicon.ico 304 0.466 ms
POST /admin/api/legacy/episodes/create 200 6.852 ms
GET /admin/api/episodes/57956a3caf1ed70dde88d063?drilldown=true 200 2.522 ms
GET /favicon.ico 304 0.643 ms
GET /admin/api/counts 200 1.682 ms
GET /favicon.ico 304 0.876 ms
